<?xml version="1.0" encoding="UTF-8"?>
<!-- Generated by org.testng.reporters.JUnitXMLReporter -->
<testsuite ignored="0" hostname="cgvak-lt178" failures="1" tests="4" name="Test" time="8.532" errors="0" timestamp="2022-11-04T11:25:22 IST">
  <testcase classname="com.test.exec.paralleltest.App" name="test5" time="1.159">
    <skipped/>
  </testcase> <!-- test5 -->
  <testcase classname="com.test.exec.paralleltest.App" name="test5" time="1.164">
    <skipped/>
  </testcase> <!-- test5 -->
  <testcase classname="com.test.exec.paralleltest.App" name="test5" time="1.173">
    <skipped/>
  </testcase> <!-- test5 -->
  <testcase classname="com.test.exec.paralleltest.App" name="test5" time="1.118">
    <failure type="java.lang.AssertionError" message="expected [true] but found [false]">
      <![CDATA[java.lang.AssertionError: expected [true] but found [false]
at com.test.exec.paralleltest.App.test5(App.java:34)
at java.base/java.util.ArrayList.forEach(ArrayList.java:1511)
... Removed 31 stack frames]]>
    </failure>
  </testcase> <!-- test5 -->
</testsuite> <!-- Test -->
