<?xml version="1.0" encoding="UTF-8"?>
<!-- Generated by org.testng.reporters.JUnitXMLReporter -->
<testsuite ignored="0" hostname="cgvak-lt178" failures="0" tests="2" name="Test" time="0.094" errors="0" timestamp="2022-11-03T21:59:00 IST">
  <testcase classname="com.test.exec.paralleltest.App" name="@BeforeTest setup" time="0.013">
    <failure type="java.lang.NullPointerException" message="Cannot invoke &amp;quot;org.openqa.selenium.WebDriver.get(String)&amp;quot; because the return value of &amp;quot;com.test.exec.paralleltest.App.getWebDriver()&amp;quot; is null">
      <![CDATA[java.lang.NullPointerException: Cannot invoke "org.openqa.selenium.WebDriver.get(String)" because the return value of "com.test.exec.paralleltest.App.getWebDriver()" is null
at com.test.exec.paralleltest.App.setup(App.java:12)
... Removed 24 stack frames]]>
    </failure>
  </testcase> <!-- @BeforeTest setup -->
  <testcase classname="com.test.exec.paralleltest.Base" name="@BeforeClass setDriver" time="0.0">
    <skipped/>
  </testcase> <!-- @BeforeClass setDriver -->
  <testcase classname="com.test.exec.paralleltest.App" name="@AfterTest quit" time="0.0">
    <skipped/>
  </testcase> <!-- @AfterTest quit -->
  <testcase classname="com.test.exec.paralleltest.App" name="test1" time="0.0">
    <skipped/>
  </testcase> <!-- test1 -->
  <testcase classname="com.test.exec.paralleltest.App" name="test2" time="0.0">
    <skipped/>
  </testcase> <!-- test2 -->
</testsuite> <!-- Test -->
